TN:
SF:src\services\addressService.ts
FN:34,(anonymous_7)
FN:36,(anonymous_8)
FN:46,(anonymous_9)
FN:63,(anonymous_11)
FN:73,(anonymous_12)
FN:98,(anonymous_14)
FN:124,(anonymous_16)
FN:145,(anonymous_18)
FN:175,(anonymous_20)
FN:206,(anonymous_22)
FNF:10
FNH:0
FNDA:0,(anonymous_7)
FNDA:0,(anonymous_8)
FNDA:0,(anonymous_9)
FNDA:0,(anonymous_11)
FNDA:0,(anonymous_12)
FNDA:0,(anonymous_14)
FNDA:0,(anonymous_16)
FNDA:0,(anonymous_18)
FNDA:0,(anonymous_20)
FNDA:0,(anonymous_22)
DA:7,0
DA:31,0
DA:37,0
DA:38,0
DA:40,0
DA:47,0
DA:48,0
DA:49,0
DA:52,0
DA:53,0
DA:60,0
DA:63,0
DA:65,0
DA:66,0
DA:74,0
DA:75,0
DA:78,0
DA:79,0
DA:85,0
DA:86,0
DA:88,0
DA:90,0
DA:91,0
DA:99,0
DA:100,0
DA:103,0
DA:104,0
DA:111,0
DA:112,0
DA:114,0
DA:116,0
DA:117,0
DA:125,0
DA:126,0
DA:129,0
DA:130,0
DA:135,0
DA:137,0
DA:138,0
DA:146,0
DA:147,0
DA:150,0
DA:152,0
DA:157,0
DA:160,0
DA:165,0
DA:167,0
DA:168,0
DA:176,0
DA:177,0
DA:180,0
DA:181,0
DA:188,0
DA:189,0
DA:191,0
DA:193,0
DA:196,0
DA:198,0
DA:199,0
DA:207,0
DA:226,0
LF:61
LH:0
BRDA:37,0,0,0
BRDA:37,0,1,0
BRDA:47,1,0,0
BRDA:47,1,1,0
BRDA:60,2,0,0
BRDA:60,2,1,0
BRDA:63,3,0,0
BRDA:63,3,1,0
BRDA:74,4,0,0
BRDA:74,4,1,0
BRDA:85,5,0,0
BRDA:85,5,1,0
BRDA:86,6,0,0
BRDA:86,6,1,0
BRDA:99,7,0,0
BRDA:99,7,1,0
BRDA:111,8,0,0
BRDA:111,8,1,0
BRDA:112,9,0,0
BRDA:112,9,1,0
BRDA:125,10,0,0
BRDA:125,10,1,0
BRDA:135,11,0,0
BRDA:135,11,1,0
BRDA:146,12,0,0
BRDA:146,12,1,0
BRDA:157,13,0,0
BRDA:157,13,1,0
BRDA:165,14,0,0
BRDA:165,14,1,0
BRDA:176,15,0,0
BRDA:176,15,1,0
BRDA:188,16,0,0
BRDA:188,16,1,0
BRDA:189,17,0,0
BRDA:189,17,1,0
BRDA:215,18,0,0
BRDA:215,18,1,0
BRF:38
BRH:0
end_of_record
TN:
SF:src\services\adminService.ts
FN:21,(anonymous_7)
FN:23,(anonymous_8)
FN:33,(anonymous_9)
FN:57,(anonymous_11)
FN:81,(anonymous_13)
FN:110,(anonymous_15)
FN:133,(anonymous_17)
FN:156,(anonymous_19)
FNF:8
FNH:0
FNDA:0,(anonymous_7)
FNDA:0,(anonymous_8)
FNDA:0,(anonymous_9)
FNDA:0,(anonymous_11)
FNDA:0,(anonymous_13)
FNDA:0,(anonymous_15)
FNDA:0,(anonymous_17)
FNDA:0,(anonymous_19)
DA:7,0
DA:18,0
DA:24,0
DA:25,0
DA:27,0
DA:34,0
DA:35,0
DA:36,0
DA:39,0
DA:40,0
DA:46,0
DA:47,0
DA:49,0
DA:50,0
DA:58,0
DA:59,0
DA:60,0
DA:63,0
DA:64,0
DA:70,0
DA:71,0
DA:73,0
DA:74,0
DA:82,0
DA:83,0
DA:86,0
DA:88,0
DA:95,0
DA:102,0
DA:103,0
DA:111,0
DA:112,0
DA:113,0
DA:116,0
DA:117,0
DA:122,0
DA:123,0
DA:125,0
DA:126,0
DA:134,0
DA:135,0
DA:136,0
DA:139,0
DA:140,0
DA:145,0
DA:146,0
DA:148,0
DA:149,0
DA:157,0
DA:158,0
DA:161,0
DA:162,0
DA:164,0
DA:171,0
DA:173,0
DA:174,0
DA:179,0
LF:57
LH:0
BRDA:24,0,0,0
BRDA:24,0,1,0
BRDA:34,1,0,0
BRDA:34,1,1,0
BRDA:46,2,0,0
BRDA:46,2,1,0
BRDA:58,3,0,0
BRDA:58,3,1,0
BRDA:70,4,0,0
BRDA:70,4,1,0
BRDA:71,5,0,0
BRDA:71,5,1,0
BRDA:82,6,0,0
BRDA:82,6,1,0
BRDA:96,7,0,0
BRDA:96,7,1,0
BRDA:97,8,0,0
BRDA:97,8,1,0
BRDA:98,9,0,0
BRDA:98,9,1,0
BRDA:99,10,0,0
BRDA:99,10,1,0
BRDA:111,11,0,0
BRDA:111,11,1,0
BRDA:122,12,0,0
BRDA:122,12,1,0
BRDA:123,13,0,0
BRDA:123,13,1,0
BRDA:134,14,0,0
BRDA:134,14,1,0
BRDA:145,15,0,0
BRDA:145,15,1,0
BRDA:146,16,0,0
BRDA:146,16,1,0
BRDA:157,17,0,0
BRDA:157,17,1,0
BRDA:162,18,0,0
BRDA:162,18,1,0
BRDA:171,19,0,0
BRDA:171,19,1,0
BRF:40
BRH:0
end_of_record
TN:
SF:src\services\authService.ts
FN:31,(anonymous_7)
FN:92,(anonymous_9)
FN:129,(anonymous_11)
FN:160,(anonymous_13)
FN:179,(anonymous_15)
FN:204,(anonymous_17)
FN:229,(anonymous_19)
FN:254,(anonymous_21)
FN:280,(anonymous_23)
FN:306,(anonymous_25)
FN:327,(anonymous_27)
FN:347,(anonymous_29)
FNF:12
FNH:0
FNDA:0,(anonymous_7)
FNDA:0,(anonymous_9)
FNDA:0,(anonymous_11)
FNDA:0,(anonymous_13)
FNDA:0,(anonymous_15)
FNDA:0,(anonymous_17)
FNDA:0,(anonymous_19)
FNDA:0,(anonymous_21)
FNDA:0,(anonymous_23)
FNDA:0,(anonymous_25)
FNDA:0,(anonymous_27)
FNDA:0,(anonymous_29)
DA:6,0
DA:23,0
DA:36,0
DA:37,0
DA:38,0
DA:41,0
DA:43,0
DA:51,0
DA:54,0
DA:55,0
DA:73,0
DA:76,0
DA:79,0
DA:81,0
DA:82,0
DA:96,0
DA:97,0
DA:98,0
DA:101,0
DA:102,0
DA:107,0
DA:110,0
DA:111,0
DA:117,0
DA:119,0
DA:120,0
DA:132,0
DA:133,0
DA:134,0
DA:137,0
DA:138,0
DA:149,0
DA:150,0
DA:152,0
DA:153,0
DA:161,0
DA:162,0
DA:165,0
DA:166,0
DA:167,0
DA:169,0
DA:170,0
DA:180,0
DA:181,0
DA:184,0
DA:185,0
DA:191,0
DA:192,0
DA:194,0
DA:195,0
DA:205,0
DA:206,0
DA:209,0
DA:210,0
DA:216,0
DA:217,0
DA:219,0
DA:220,0
DA:230,0
DA:231,0
DA:234,0
DA:235,0
DA:241,0
DA:242,0
DA:244,0
DA:245,0
DA:255,0
DA:256,0
DA:259,0
DA:260,0
DA:266,0
DA:267,0
DA:269,0
DA:270,0
DA:284,0
DA:285,0
DA:288,0
DA:289,0
DA:294,0
DA:295,0
DA:297,0
DA:298,0
DA:307,0
DA:308,0
DA:311,0
DA:312,0
DA:316,0
DA:318,0
DA:319,0
DA:328,0
DA:329,0
DA:332,0
DA:333,0
DA:337,0
DA:339,0
DA:340,0
DA:351,0
DA:352,0
DA:363,0
DA:364,0
DA:365,0
DA:367,0
DA:368,0
DA:377,0
DA:378,0
DA:379,0
DA:387,0
LF:107
LH:0
BRDA:36,0,0,0
BRDA:36,0,1,0
BRDA:51,1,0,0
BRDA:51,1,1,0
BRDA:54,2,0,0
BRDA:54,2,1,0
BRDA:61,3,0,0
BRDA:61,3,1,0
BRDA:62,4,0,0
BRDA:62,4,1,0
BRDA:73,5,0,0
BRDA:73,5,1,0
BRDA:96,6,0,0
BRDA:96,6,1,0
BRDA:107,7,0,0
BRDA:107,7,1,0
BRDA:110,8,0,0
BRDA:110,8,1,0
BRDA:132,9,0,0
BRDA:132,9,1,0
BRDA:149,10,0,0
BRDA:149,10,1,0
BRDA:161,11,0,0
BRDA:161,11,1,0
BRDA:167,12,0,0
BRDA:167,12,1,0
BRDA:180,13,0,0
BRDA:180,13,1,0
BRDA:191,14,0,0
BRDA:191,14,1,0
BRDA:205,15,0,0
BRDA:205,15,1,0
BRDA:216,16,0,0
BRDA:216,16,1,0
BRDA:230,17,0,0
BRDA:230,17,1,0
BRDA:241,18,0,0
BRDA:241,18,1,0
BRDA:255,19,0,0
BRDA:255,19,1,0
BRDA:266,20,0,0
BRDA:266,20,1,0
BRDA:267,21,0,0
BRDA:267,21,1,0
BRDA:267,22,0,0
BRDA:267,22,1,0
BRDA:267,23,0,0
BRDA:267,23,1,0
BRDA:284,24,0,0
BRDA:284,24,1,0
BRDA:294,25,0,0
BRDA:294,25,1,0
BRDA:307,26,0,0
BRDA:307,26,1,0
BRDA:316,27,0,0
BRDA:316,27,1,0
BRDA:328,28,0,0
BRDA:328,28,1,0
BRDA:337,29,0,0
BRDA:337,29,1,0
BRDA:351,30,0,0
BRDA:351,30,1,0
BRDA:363,31,0,0
BRDA:363,31,1,0
BRDA:367,32,0,0
BRDA:367,32,1,0
BRDA:377,33,0,0
BRDA:377,33,1,0
BRF:68
BRH:0
end_of_record
TN:
SF:src\services\cartService.ts
FN:13,(anonymous_8)
FN:15,(anonymous_9)
FN:25,(anonymous_10)
FN:50,(anonymous_12)
FN:89,(anonymous_14)
FN:124,(anonymous_16)
FN:213,(anonymous_18)
FN:255,(anonymous_20)
FN:289,(anonymous_22)
FN:319,(anonymous_24)
FN:353,(anonymous_26)
FN:373,(anonymous_28)
FNF:12
FNH:0
FNDA:0,(anonymous_8)
FNDA:0,(anonymous_9)
FNDA:0,(anonymous_10)
FNDA:0,(anonymous_12)
FNDA:0,(anonymous_14)
FNDA:0,(anonymous_16)
FNDA:0,(anonymous_18)
FNDA:0,(anonymous_20)
FNDA:0,(anonymous_22)
FNDA:0,(anonymous_24)
FNDA:0,(anonymous_26)
FNDA:0,(anonymous_28)
DA:7,0
DA:10,0
DA:16,0
DA:17,0
DA:19,0
DA:26,0
DA:27,0
DA:28,0
DA:31,0
DA:32,0
DA:39,0
DA:40,0
DA:42,0
DA:43,0
DA:51,0
DA:52,0
DA:55,0
DA:57,0
DA:60,0
DA:61,0
DA:73,0
DA:74,0
DA:76,0
DA:79,0
DA:81,0
DA:82,0
DA:90,0
DA:91,0
DA:92,0
DA:95,0
DA:96,0
DA:113,0
DA:114,0
DA:116,0
DA:117,0
DA:131,0
DA:132,0
DA:135,0
DA:137,0
DA:143,0
DA:145,0
DA:148,0
DA:154,0
DA:155,0
DA:157,0
DA:160,0
DA:161,0
DA:164,0
DA:166,0
DA:167,0
DA:177,0
DA:178,0
DA:181,0
DA:195,0
DA:196,0
DA:199,0
DA:202,0
DA:203,0
DA:205,0
DA:206,0
DA:217,0
DA:218,0
DA:221,0
DA:223,0
DA:229,0
DA:230,0
DA:232,0
DA:234,0
DA:242,0
DA:245,0
DA:247,0
DA:248,0
DA:256,0
DA:257,0
DA:260,0
DA:262,0
DA:268,0
DA:270,0
DA:275,0
DA:277,0
DA:278,0
DA:281,0
DA:282,0
DA:290,0
DA:291,0
DA:294,0
DA:296,0
DA:301,0
DA:304,0
DA:309,0
DA:311,0
DA:312,0
DA:329,0
DA:330,0
DA:333,0
DA:336,0
DA:338,0
DA:343,0
DA:345,0
DA:346,0
DA:354,0
DA:355,0
DA:356,0
DA:359,0
DA:360,0
DA:363,0
DA:364,0
DA:369,0
DA:370,0
DA:373,0
DA:376,0
DA:381,0
DA:382,0
DA:387,0
LF:114
LH:0
BRDA:16,0,0,0
BRDA:16,0,1,0
BRDA:26,1,0,0
BRDA:26,1,1,0
BRDA:39,2,0,0
BRDA:39,2,1,0
BRDA:51,3,0,0
BRDA:51,3,1,0
BRDA:60,4,0,0
BRDA:60,4,1,0
BRDA:73,5,0,0
BRDA:73,5,1,0
BRDA:74,6,0,0
BRDA:74,6,1,0
BRDA:82,7,0,0
BRDA:82,7,1,0
BRDA:90,8,0,0
BRDA:90,8,1,0
BRDA:113,9,0,0
BRDA:113,9,1,0
BRDA:114,10,0,0
BRDA:114,10,1,0
BRDA:131,11,0,0
BRDA:131,11,1,0
BRDA:143,12,0,0
BRDA:143,12,1,0
BRDA:145,13,0,0
BRDA:145,13,1,0
BRDA:145,13,2,0
BRDA:145,14,0,0
BRDA:145,14,1,0
BRDA:145,15,0,0
BRDA:145,15,1,0
BRDA:145,16,0,0
BRDA:145,16,1,0
BRDA:145,17,0,0
BRDA:145,17,1,0
BRDA:154,18,0,0
BRDA:154,18,1,0
BRDA:161,19,0,0
BRDA:161,19,1,0
BRDA:164,20,0,0
BRDA:164,20,1,0
BRDA:177,21,0,0
BRDA:177,21,1,0
BRDA:188,22,0,0
BRDA:188,22,1,0
BRDA:190,23,0,0
BRDA:190,23,1,0
BRDA:195,24,0,0
BRDA:195,24,1,0
BRDA:199,25,0,0
BRDA:199,25,1,0
BRDA:206,26,0,0
BRDA:206,26,1,0
BRDA:217,27,0,0
BRDA:217,27,1,0
BRDA:229,28,0,0
BRDA:229,28,1,0
BRDA:230,29,0,0
BRDA:230,29,1,0
BRDA:232,30,0,0
BRDA:232,30,1,0
BRDA:232,30,2,0
BRDA:232,31,0,0
BRDA:232,31,1,0
BRDA:232,32,0,0
BRDA:232,32,1,0
BRDA:232,33,0,0
BRDA:232,33,1,0
BRDA:232,34,0,0
BRDA:232,34,1,0
BRDA:242,35,0,0
BRDA:242,35,1,0
BRDA:248,36,0,0
BRDA:248,36,1,0
BRDA:256,37,0,0
BRDA:256,37,1,0
BRDA:268,38,0,0
BRDA:268,38,1,0
BRDA:275,39,0,0
BRDA:275,39,1,0
BRDA:277,40,0,0
BRDA:277,40,1,0
BRDA:290,41,0,0
BRDA:290,41,1,0
BRDA:301,42,0,0
BRDA:301,42,1,0
BRDA:309,43,0,0
BRDA:309,43,1,0
BRDA:329,44,0,0
BRDA:329,44,1,0
BRDA:343,45,0,0
BRDA:343,45,1,0
BRDA:354,46,0,0
BRDA:354,46,1,0
BRDA:363,47,0,0
BRDA:363,47,1,0
BRDA:369,48,0,0
BRDA:369,48,1,0
BRDA:373,49,0,0
BRDA:373,49,1,0
BRF:102
BRH:0
end_of_record
TN:
SF:src\services\checkoutService.ts
FN:43,(anonymous_7)
FN:45,(anonymous_8)
FN:56,(anonymous_9)
FN:65,(anonymous_10)
FN:100,(anonymous_12)
FN:118,(anonymous_13)
FN:138,(anonymous_14)
FN:180,(anonymous_15)
FN:185,(anonymous_16)
FN:218,(anonymous_17)
FN:272,(anonymous_18)
FNF:11
FNH:0
FNDA:0,(anonymous_7)
FNDA:0,(anonymous_8)
FNDA:0,(anonymous_9)
FNDA:0,(anonymous_10)
FNDA:0,(anonymous_12)
FNDA:0,(anonymous_13)
FNDA:0,(anonymous_14)
FNDA:0,(anonymous_15)
FNDA:0,(anonymous_16)
FNDA:0,(anonymous_17)
FNDA:0,(anonymous_18)
DA:7,0
DA:9,0
DA:40,0
DA:46,0
DA:47,0
DA:49,0
DA:57,0
DA:58,0
DA:59,0
DA:66,0
DA:67,0
DA:78,0
DA:80,0
DA:82,0
DA:84,0
DA:85,0
DA:87,0
DA:93,0
DA:94,0
DA:97,0
DA:98,0
DA:99,0
DA:100,0
DA:102,0
DA:103,0
DA:106,0
DA:107,0
DA:110,0
DA:111,0
DA:117,0
DA:118,0
DA:119,0
DA:120,0
DA:121,0
DA:123,0
DA:124,0
DA:126,0
DA:129,0
DA:130,0
DA:131,0
DA:134,0
DA:135,0
DA:138,0
DA:139,0
DA:141,0
DA:168,0
DA:169,0
DA:171,0
DA:174,0
DA:181,0
DA:185,0
DA:200,0
DA:204,0
DA:207,0
DA:208,0
DA:210,0
DA:211,0
DA:217,0
DA:218,0
DA:219,0
DA:220,0
DA:222,0
DA:225,0
DA:234,0
DA:240,0
DA:241,0
DA:255,0
DA:256,0
DA:262,0
DA:263,0
DA:265,0
DA:272,0
DA:273,0
DA:274,0
DA:280,0
DA:287,0
DA:288,0
DA:293,0
LF:78
LH:0
BRDA:46,0,0,0
BRDA:46,0,1,0
BRDA:66,1,0,0
BRDA:66,1,1,0
BRDA:85,2,0,0
BRDA:85,2,1,0
BRDA:93,3,0,0
BRDA:93,3,1,0
BRDA:93,4,0,0
BRDA:93,4,1,0
BRDA:97,5,0,0
BRDA:97,5,1,0
BRDA:99,6,0,0
BRDA:99,6,1,0
BRDA:102,7,0,0
BRDA:102,7,1,0
BRDA:106,8,0,0
BRDA:106,8,1,0
BRDA:110,9,0,0
BRDA:110,9,1,0
BRDA:110,10,0,0
BRDA:110,10,1,0
BRDA:119,11,0,0
BRDA:119,11,1,0
BRDA:119,12,0,0
BRDA:119,12,1,0
BRDA:120,13,0,0
BRDA:120,13,1,0
BRDA:123,14,0,0
BRDA:123,14,1,0
BRDA:139,15,0,0
BRDA:139,15,1,0
BRDA:139,15,2,0
BRDA:139,16,0,0
BRDA:139,16,1,0
BRDA:139,17,0,0
BRDA:139,17,1,0
BRDA:139,18,0,0
BRDA:139,18,1,0
BRDA:139,19,0,0
BRDA:139,19,1,0
BRDA:168,20,0,0
BRDA:168,20,1,0
BRDA:188,21,0,0
BRDA:188,21,1,0
BRDA:188,21,2,0
BRDA:188,22,0,0
BRDA:188,22,1,0
BRDA:188,23,0,0
BRDA:188,23,1,0
BRDA:188,24,0,0
BRDA:188,24,1,0
BRDA:188,25,0,0
BRDA:188,25,1,0
BRDA:189,26,0,0
BRDA:189,26,1,0
BRDA:189,27,0,0
BRDA:189,27,1,0
BRDA:189,28,0,0
BRDA:189,28,1,0
BRDA:191,29,0,0
BRDA:191,29,1,0
BRDA:191,29,2,0
BRDA:191,30,0,0
BRDA:191,30,1,0
BRDA:191,31,0,0
BRDA:191,31,1,0
BRDA:191,32,0,0
BRDA:191,32,1,0
BRDA:191,33,0,0
BRDA:191,33,1,0
BRDA:192,34,0,0
BRDA:192,34,1,0
BRDA:192,34,2,0
BRDA:192,35,0,0
BRDA:192,35,1,0
BRDA:192,36,0,0
BRDA:192,36,1,0
BRDA:192,37,0,0
BRDA:192,37,1,0
BRDA:192,38,0,0
BRDA:192,38,1,0
BRDA:204,39,0,0
BRDA:204,39,1,0
BRDA:208,40,0,0
BRDA:208,40,1,0
BRDA:210,41,0,0
BRDA:210,41,1,0
BRDA:217,42,0,0
BRDA:217,42,1,0
BRDA:219,43,0,0
BRDA:219,43,1,0
BRDA:219,44,0,0
BRDA:219,44,1,0
BRDA:219,45,0,0
BRDA:219,45,1,0
BRDA:229,46,0,0
BRDA:229,46,1,0
BRDA:240,47,0,0
BRDA:240,47,1,0
BRDA:244,48,0,0
BRDA:244,48,1,0
BRDA:245,49,0,0
BRDA:245,49,1,0
BRDA:255,50,0,0
BRDA:255,50,1,0
BRDA:255,51,0,0
BRDA:255,51,1,0
BRDA:262,52,0,0
BRDA:262,52,1,0
BRDA:262,53,0,0
BRDA:262,53,1,0
BRDA:262,54,0,0
BRDA:262,54,1,0
BRDA:273,55,0,0
BRDA:273,55,1,0
BRDA:288,56,0,0
BRDA:288,56,1,0
BRF:118
BRH:0
end_of_record
TN:
SF:src\services\discountService.ts
FN:18,(anonymous_7)
FN:20,(anonymous_8)
FN:34,(anonymous_9)
FN:79,(anonymous_11)
FN:93,(anonymous_13)
FN:103,(anonymous_14)
FN:118,(anonymous_16)
FN:128,(anonymous_17)
FN:173,(anonymous_19)
FN:194,(anonymous_21)
FN:224,(anonymous_23)
FN:240,(anonymous_25)
FN:241,(anonymous_26)
FN:258,(anonymous_27)
FN:268,(anonymous_28)
FN:285,(anonymous_30)
FN:295,(anonymous_31)
FN:316,(anonymous_33)
FN:353,(anonymous_35)
FN:388,(anonymous_37)
FN:407,(anonymous_39)
FN:408,(anonymous_40)
FN:409,(anonymous_41)
FN:427,(anonymous_42)
FN:455,(anonymous_43)
FN:472,(anonymous_44)
FNF:26
FNH:0
FNDA:0,(anonymous_7)
FNDA:0,(anonymous_8)
FNDA:0,(anonymous_9)
FNDA:0,(anonymous_11)
FNDA:0,(anonymous_13)
FNDA:0,(anonymous_14)
FNDA:0,(anonymous_16)
FNDA:0,(anonymous_17)
FNDA:0,(anonymous_19)
FNDA:0,(anonymous_21)
FNDA:0,(anonymous_23)
FNDA:0,(anonymous_25)
FNDA:0,(anonymous_26)
FNDA:0,(anonymous_27)
FNDA:0,(anonymous_28)
FNDA:0,(anonymous_30)
FNDA:0,(anonymous_31)
FNDA:0,(anonymous_33)
FNDA:0,(anonymous_35)
FNDA:0,(anonymous_37)
FNDA:0,(anonymous_39)
FNDA:0,(anonymous_40)
FNDA:0,(anonymous_41)
FNDA:0,(anonymous_42)
FNDA:0,(anonymous_43)
FNDA:0,(anonymous_44)
DA:7,0
DA:15,0
DA:21,0
DA:22,0
DA:24,0
DA:35,0
DA:36,0
DA:39,0
DA:40,0
DA:66,0
DA:67,0
DA:69,0
DA:71,0
DA:72,0
DA:80,0
DA:81,0
DA:82,0
DA:85,0
DA:86,0
DA:92,0
DA:93,0
DA:95,0
DA:96,0
DA:104,0
DA:105,0
DA:108,0
DA:109,0
DA:117,0
DA:118,0
DA:120,0
DA:121,0
DA:129,0
DA:130,0
DA:133,0
DA:134,0
DA:160,0
DA:161,0
DA:163,0
DA:165,0
DA:166,0
DA:174,0
DA:175,0
DA:178,0
DA:179,0
DA:184,0
DA:186,0
DA:187,0
DA:195,0
DA:196,0
DA:199,0
DA:200,0
DA:207,0
DA:208,0
DA:210,0
DA:212,0
DA:213,0
DA:235,0
DA:236,0
DA:239,0
DA:240,0
DA:241,0
DA:242,0
DA:252,0
DA:257,0
DA:258,0
DA:260,0
DA:261,0
DA:269,0
DA:270,0
DA:273,0
DA:274,0
DA:284,0
DA:285,0
DA:287,0
DA:288,0
DA:296,0
DA:297,0
DA:300,0
DA:301,0
DA:306,0
DA:308,0
DA:309,0
DA:317,0
DA:318,0
DA:321,0
DA:322,0
DA:325,0
DA:326,0
DA:328,0
DA:329,0
DA:341,0
DA:342,0
DA:354,0
DA:355,0
DA:358,0
DA:359,0
DA:377,0
DA:378,0
DA:380,0
DA:381,0
DA:394,0
DA:395,0
DA:398,0
DA:399,0
DA:404,0
DA:406,0
DA:407,0
DA:408,0
DA:409,0
DA:411,0
DA:418,0
DA:419,0
DA:428,0
DA:456,0
DA:473,0
DA:474,0
DA:484,0
LF:117
LH:0
BRDA:21,0,0,0
BRDA:21,0,1,0
BRDA:35,1,0,0
BRDA:35,1,1,0
BRDA:51,2,0,0
BRDA:51,2,1,0
BRDA:55,3,0,0
BRDA:55,3,1,0
BRDA:56,4,0,0
BRDA:56,4,1,0
BRDA:58,5,0,0
BRDA:58,5,1,0
BRDA:59,6,0,0
BRDA:59,6,1,0
BRDA:60,7,0,0
BRDA:60,7,1,0
BRDA:66,8,0,0
BRDA:66,8,1,0
BRDA:67,9,0,0
BRDA:67,9,1,0
BRDA:72,10,0,0
BRDA:72,10,1,0
BRDA:80,11,0,0
BRDA:80,11,1,0
BRDA:92,12,0,0
BRDA:92,12,1,0
BRDA:93,13,0,0
BRDA:93,13,1,0
BRDA:104,14,0,0
BRDA:104,14,1,0
BRDA:117,15,0,0
BRDA:117,15,1,0
BRDA:118,16,0,0
BRDA:118,16,1,0
BRDA:129,17,0,0
BRDA:129,17,1,0
BRDA:160,18,0,0
BRDA:160,18,1,0
BRDA:161,19,0,0
BRDA:161,19,1,0
BRDA:166,20,0,0
BRDA:166,20,1,0
BRDA:174,21,0,0
BRDA:174,21,1,0
BRDA:184,22,0,0
BRDA:184,22,1,0
BRDA:195,23,0,0
BRDA:195,23,1,0
BRDA:202,24,0,0
BRDA:202,24,1,0
BRDA:207,25,0,0
BRDA:207,25,1,0
BRDA:208,26,0,0
BRDA:208,26,1,0
BRDA:235,27,0,0
BRDA:235,27,1,0
BRDA:241,28,0,0
BRDA:241,28,1,0
BRDA:241,29,0,0
BRDA:241,29,1,0
BRDA:246,30,0,0
BRDA:246,30,1,0
BRDA:246,31,0,0
BRDA:246,31,1,0
BRDA:247,32,0,0
BRDA:247,32,1,0
BRDA:247,33,0,0
BRDA:247,33,1,0
BRDA:248,34,0,0
BRDA:248,34,1,0
BRDA:248,35,0,0
BRDA:248,35,1,0
BRDA:257,36,0,0
BRDA:257,36,1,0
BRDA:258,37,0,0
BRDA:258,37,1,0
BRDA:269,38,0,0
BRDA:269,38,1,0
BRDA:284,39,0,0
BRDA:284,39,1,0
BRDA:285,40,0,0
BRDA:285,40,1,0
BRDA:296,41,0,0
BRDA:296,41,1,0
BRDA:306,42,0,0
BRDA:306,42,1,0
BRDA:317,43,0,0
BRDA:317,43,1,0
BRDA:325,44,0,0
BRDA:325,44,1,0
BRDA:326,45,0,0
BRDA:326,45,1,0
BRDA:326,46,0,0
BRDA:326,46,1,0
BRDA:354,47,0,0
BRDA:354,47,1,0
BRDA:371,48,0,0
BRDA:371,48,1,0
BRDA:377,49,0,0
BRDA:377,49,1,0
BRDA:394,50,0,0
BRDA:394,50,1,0
BRDA:404,51,0,0
BRDA:404,51,1,0
BRDA:406,52,0,0
BRDA:406,52,1,0
BRDA:406,53,0,0
BRDA:406,53,1,0
BRDA:406,54,0,0
BRDA:406,54,1,0
BRDA:407,55,0,0
BRDA:407,55,1,0
BRDA:408,56,0,0
BRDA:408,56,1,0
BRDA:409,57,0,0
BRDA:409,57,1,0
BRDA:436,58,0,0
BRDA:436,58,1,0
BRDA:437,59,0,0
BRDA:437,59,1,0
BRDA:462,60,0,0
BRDA:462,60,1,0
BRDA:476,61,0,0
BRDA:476,61,1,0
BRDA:477,62,0,0
BRDA:477,62,1,0
BRDA:477,63,0,0
BRDA:477,63,1,0
BRDA:478,64,0,0
BRDA:478,64,1,0
BRDA:478,65,0,0
BRDA:478,65,1,0
BRDA:479,66,0,0
BRDA:479,66,1,0
BRDA:479,67,0,0
BRDA:479,67,1,0
BRDA:479,68,0,0
BRDA:479,68,1,0
BRF:138
BRH:0
end_of_record
TN:
SF:src\services\notificationService.ts
FN:29,(anonymous_7)
FN:31,(anonymous_8)
FN:41,(anonymous_9)
FN:97,(anonymous_11)
FN:98,(anonymous_12)
FN:127,(anonymous_13)
FN:154,(anonymous_15)
FN:178,(anonymous_17)
FN:207,(anonymous_19)
FN:228,(anonymous_21)
FN:254,(anonymous_23)
FNF:11
FNH:0
FNDA:0,(anonymous_7)
FNDA:0,(anonymous_8)
FNDA:0,(anonymous_9)
FNDA:0,(anonymous_11)
FNDA:0,(anonymous_12)
FNDA:0,(anonymous_13)
FNDA:0,(anonymous_15)
FNDA:0,(anonymous_17)
FNDA:0,(anonymous_19)
FNDA:0,(anonymous_21)
FNDA:0,(anonymous_23)
DA:7,0
DA:26,0
DA:32,0
DA:33,0
DA:35,0
DA:53,0
DA:54,0
DA:55,0
DA:58,0
DA:60,0
DA:61,0
DA:62,0
DA:63,0
DA:64,0
DA:66,0
DA:84,0
DA:85,0
DA:87,0
DA:89,0
DA:90,0
DA:98,0
DA:102,0
DA:103,0
DA:104,0
DA:107,0
DA:108,0
DA:116,0
DA:117,0
DA:119,0
DA:120,0
DA:131,0
DA:132,0
DA:135,0
DA:136,0
DA:143,0
DA:144,0
DA:146,0
DA:147,0
DA:155,0
DA:156,0
DA:159,0
DA:160,0
DA:168,0
DA:170,0
DA:171,0
DA:182,0
DA:183,0
DA:186,0
DA:187,0
DA:197,0
DA:199,0
DA:200,0
DA:208,0
DA:209,0
DA:212,0
DA:213,0
DA:218,0
DA:220,0
DA:221,0
DA:235,0
DA:237,0
DA:261,0
DA:263,0
DA:270,0
DA:272,0
DA:287,0
LF:66
LH:0
BRDA:32,0,0,0
BRDA:32,0,1,0
BRDA:53,1,0,0
BRDA:53,1,1,0
BRDA:60,2,0,0
BRDA:60,2,1,0
BRDA:61,3,0,0
BRDA:61,3,1,0
BRDA:62,4,0,0
BRDA:62,4,1,0
BRDA:63,5,0,0
BRDA:63,5,1,0
BRDA:64,6,0,0
BRDA:64,6,1,0
BRDA:78,7,0,0
BRDA:78,7,1,0
BRDA:84,8,0,0
BRDA:84,8,1,0
BRDA:85,9,0,0
BRDA:85,9,1,0
BRDA:90,10,0,0
BRDA:90,10,1,0
BRDA:100,11,0,0
BRDA:102,12,0,0
BRDA:102,12,1,0
BRDA:116,13,0,0
BRDA:116,13,1,0
BRDA:117,14,0,0
BRDA:117,14,1,0
BRDA:131,15,0,0
BRDA:131,15,1,0
BRDA:143,16,0,0
BRDA:143,16,1,0
BRDA:144,17,0,0
BRDA:144,17,1,0
BRDA:155,18,0,0
BRDA:155,18,1,0
BRDA:168,19,0,0
BRDA:168,19,1,0
BRDA:182,20,0,0
BRDA:182,20,1,0
BRDA:197,21,0,0
BRDA:197,21,1,0
BRDA:208,22,0,0
BRDA:208,22,1,0
BRDA:218,23,0,0
BRDA:218,23,1,0
BRDA:235,24,0,0
BRDA:235,24,1,0
BRDA:261,25,0,0
BRDA:261,25,1,0
BRDA:270,26,0,0
BRDA:270,26,1,0
BRF:53
BRH:0
end_of_record
TN:
SF:src\services\orderService.ts
FN:13,(anonymous_7)
FN:19,(anonymous_8)
FN:54,(anonymous_10)
FN:56,(anonymous_12)
FN:77,(anonymous_13)
FN:79,(anonymous_15)
FN:103,(anonymous_16)
FN:105,(anonymous_18)
FN:129,(anonymous_19)
FN:137,(anonymous_21)
FN:178,(anonymous_22)
FN:188,(anonymous_24)
FN:248,(anonymous_25)
FN:253,(anonymous_27)
FN:313,(anonymous_28)
FN:315,(anonymous_30)
FN:345,(anonymous_31)
FN:365,(anonymous_33)
FN:449,(anonymous_34)
FN:452,(anonymous_36)
FN:453,(anonymous_37)
FN:454,(anonymous_38)
FN:455,(anonymous_39)
FNF:23
FNH:0
FNDA:0,(anonymous_7)
FNDA:0,(anonymous_8)
FNDA:0,(anonymous_10)
FNDA:0,(anonymous_12)
FNDA:0,(anonymous_13)
FNDA:0,(anonymous_15)
FNDA:0,(anonymous_16)
FNDA:0,(anonymous_18)
FNDA:0,(anonymous_19)
FNDA:0,(anonymous_21)
FNDA:0,(anonymous_22)
FNDA:0,(anonymous_24)
FNDA:0,(anonymous_25)
FNDA:0,(anonymous_27)
FNDA:0,(anonymous_28)
FNDA:0,(anonymous_30)
FNDA:0,(anonymous_31)
FNDA:0,(anonymous_33)
FNDA:0,(anonymous_34)
FNDA:0,(anonymous_36)
FNDA:0,(anonymous_37)
FNDA:0,(anonymous_38)
FNDA:0,(anonymous_39)
DA:6,0
DA:8,0
DA:13,0
DA:14,0
DA:23,0
DA:24,0
DA:30,0
DA:31,0
DA:34,0
DA:36,0
DA:43,0
DA:44,0
DA:46,0
DA:47,0
DA:55,0
DA:56,0
DA:59,0
DA:60,0
DA:66,0
DA:67,0
DA:69,0
DA:70,0
DA:78,0
DA:79,0
DA:82,0
DA:83,0
DA:92,0
DA:93,0
DA:95,0
DA:96,0
DA:104,0
DA:105,0
DA:108,0
DA:110,0
DA:112,0
DA:118,0
DA:119,0
DA:121,0
DA:122,0
DA:136,0
DA:137,0
DA:138,0
DA:139,0
DA:140,0
DA:141,0
DA:143,0
DA:146,0
DA:148,0
DA:153,0
DA:156,0
DA:167,0
DA:168,0
DA:170,0
DA:171,0
DA:183,0
DA:184,0
DA:187,0
DA:188,0
DA:189,0
DA:190,0
DA:191,0
DA:193,0
DA:194,0
DA:195,0
DA:196,0
DA:198,0
DA:201,0
DA:202,0
DA:203,0
DA:204,0
DA:207,0
DA:208,0
DA:211,0
DA:221,0
DA:223,0
DA:234,0
DA:235,0
DA:238,0
DA:240,0
DA:241,0
DA:252,0
DA:253,0
DA:254,0
DA:255,0
DA:256,0
DA:258,0
DA:259,0
DA:260,0
DA:261,0
DA:263,0
DA:266,0
DA:267,0
DA:268,0
DA:269,0
DA:272,0
DA:273,0
DA:276,0
DA:286,0
DA:288,0
DA:299,0
DA:300,0
DA:303,0
DA:305,0
DA:306,0
DA:314,0
DA:315,0
DA:316,0
DA:317,0
DA:318,0
DA:319,0
DA:321,0
DA:324,0
DA:325,0
DA:334,0
DA:335,0
DA:337,0
DA:338,0
DA:352,0
DA:353,0
DA:356,0
DA:357,0
DA:360,0
DA:361,0
DA:364,0
DA:365,0
DA:366,0
DA:367,0
DA:368,0
DA:369,0
DA:370,0
DA:371,0
DA:372,0
DA:374,0
DA:377,0
DA:378,0
DA:390,0
DA:391,0
DA:394,0
DA:395,0
DA:398,0
DA:399,0
DA:401,0
DA:402,0
DA:403,0
DA:405,0
DA:420,0
DA:421,0
DA:424,0
DA:425,0
DA:428,0
DA:438,0
DA:439,0
DA:441,0
DA:442,0
DA:450,0
DA:451,0
DA:452,0
DA:453,0
DA:454,0
DA:455,0
DA:459,0
DA:460,0
DA:464,0
DA:465,0
DA:467,0
DA:468,0
DA:473,0
LF:167
LH:0
BRDA:23,0,0,0
BRDA:23,0,1,0
BRDA:43,1,0,0
BRDA:43,1,1,0
BRDA:55,2,0,0
BRDA:55,2,1,0
BRDA:66,3,0,0
BRDA:66,3,1,0
BRDA:67,4,0,0
BRDA:67,4,1,0
BRDA:78,5,0,0
BRDA:78,5,1,0
BRDA:92,6,0,0
BRDA:92,6,1,0
BRDA:93,7,0,0
BRDA:93,7,1,0
BRDA:104,8,0,0
BRDA:104,8,1,0
BRDA:105,9,0,0
BRDA:105,9,1,0
BRDA:115,10,0,0
BRDA:115,10,1,0
BRDA:118,11,0,0
BRDA:118,11,1,0
BRDA:136,12,0,0
BRDA:136,12,1,0
BRDA:138,13,0,0
BRDA:138,13,1,0
BRDA:153,14,0,0
BRDA:153,14,1,0
BRDA:161,15,0,0
BRDA:161,15,1,0
BRDA:162,16,0,0
BRDA:162,16,1,0
BRDA:163,17,0,0
BRDA:163,17,1,0
BRDA:167,18,0,0
BRDA:167,18,1,0
BRDA:183,19,0,0
BRDA:183,19,1,0
BRDA:183,20,0,0
BRDA:183,20,1,0
BRDA:183,21,0,0
BRDA:183,21,1,0
BRDA:187,22,0,0
BRDA:187,22,1,0
BRDA:188,23,0,0
BRDA:188,23,1,0
BRDA:189,24,0,0
BRDA:189,24,1,0
BRDA:190,25,0,0
BRDA:190,25,1,0
BRDA:203,26,0,0
BRDA:203,26,1,0
BRDA:203,27,0,0
BRDA:203,27,1,0
BRDA:207,28,0,0
BRDA:207,28,1,0
BRDA:221,29,0,0
BRDA:221,29,1,0
BRDA:234,30,0,0
BRDA:234,30,1,0
BRDA:252,31,0,0
BRDA:252,31,1,0
BRDA:253,32,0,0
BRDA:253,32,1,0
BRDA:254,33,0,0
BRDA:254,33,1,0
BRDA:255,34,0,0
BRDA:255,34,1,0
BRDA:268,35,0,0
BRDA:268,35,1,0
BRDA:268,36,0,0
BRDA:268,36,1,0
BRDA:272,37,0,0
BRDA:272,37,1,0
BRDA:286,38,0,0
BRDA:286,38,1,0
BRDA:299,39,0,0
BRDA:299,39,1,0
BRDA:314,40,0,0
BRDA:314,40,1,0
BRDA:316,41,0,0
BRDA:316,41,1,0
BRDA:334,42,0,0
BRDA:334,42,1,0
BRDA:352,43,0,0
BRDA:352,43,1,0
BRDA:352,44,0,0
BRDA:352,44,1,0
BRDA:356,45,0,0
BRDA:356,45,1,0
BRDA:356,46,0,0
BRDA:356,46,1,0
BRDA:360,47,0,0
BRDA:360,47,1,0
BRDA:360,48,0,0
BRDA:360,48,1,0
BRDA:360,49,0,0
BRDA:360,49,1,0
BRDA:364,50,0,0
BRDA:364,50,1,0
BRDA:365,51,0,0
BRDA:365,51,1,0
BRDA:366,52,0,0
BRDA:366,52,1,0
BRDA:370,53,0,0
BRDA:370,53,1,0
BRDA:390,54,0,0
BRDA:390,54,1,0
BRDA:390,55,0,0
BRDA:390,55,1,0
BRDA:394,56,0,0
BRDA:394,56,1,0
BRDA:394,57,0,0
BRDA:394,57,1,0
BRDA:398,58,0,0
BRDA:398,58,1,0
BRDA:403,59,0,0
BRDA:403,59,1,0
BRDA:412,60,0,0
BRDA:412,60,1,0
BRDA:421,61,0,0
BRDA:421,61,1,0
BRDA:424,62,0,0
BRDA:424,62,1,0
BRDA:438,63,0,0
BRDA:438,63,1,0
BRDA:450,64,0,0
BRDA:450,64,1,0
BRDA:453,65,0,0
BRDA:453,65,1,0
BRDA:454,66,0,0
BRDA:454,66,1,0
BRDA:455,67,0,0
BRDA:455,67,1,0
BRDA:464,68,0,0
BRDA:464,68,1,0
BRF:138
BRH:0
end_of_record
TN:
SF:src\services\productService.ts
FN:16,(anonymous_7)
FN:22,(anonymous_8)
FN:32,(anonymous_9)
FN:97,(anonymous_11)
FN:129,(anonymous_13)
FN:154,(anonymous_15)
FN:176,(anonymous_17)
FN:202,(anonymous_19)
FN:223,(anonymous_21)
FN:254,(anonymous_23)
FN:283,(anonymous_25)
FN:290,(anonymous_27)
FN:297,(anonymous_29)
FN:297,(anonymous_30)
FN:304,(anonymous_31)
FNF:15
FNH:7
FNDA:4,(anonymous_7)
FNDA:125,(anonymous_8)
FNDA:4,(anonymous_9)
FNDA:1,(anonymous_11)
FNDA:1,(anonymous_13)
FNDA:0,(anonymous_15)
FNDA:0,(anonymous_17)
FNDA:0,(anonymous_19)
FNDA:1,(anonymous_21)
FNDA:0,(anonymous_23)
FNDA:0,(anonymous_25)
FNDA:0,(anonymous_27)
FNDA:0,(anonymous_29)
FNDA:0,(anonymous_30)
FNDA:1,(anonymous_31)
DA:7,2
DA:13,2
DA:17,4
DA:18,2
DA:23,125
DA:24,2
DA:26,125
DA:41,4
DA:42,1
DA:43,1
DA:46,3
DA:47,3
DA:61,3
DA:62,0
DA:64,3
DA:65,0
DA:67,3
DA:68,1
DA:70,3
DA:71,1
DA:73,3
DA:74,1
DA:76,3
DA:77,0
DA:79,3
DA:80,0
DA:81,0
DA:84,3
DA:86,3
DA:87,3
DA:89,0
DA:90,0
DA:98,1
DA:99,0
DA:100,0
DA:103,1
DA:104,1
DA:118,1
DA:119,1
DA:121,0
DA:122,0
DA:130,1
DA:131,0
DA:134,1
DA:135,1
DA:141,1
DA:142,1
DA:144,1
DA:146,0
DA:147,0
DA:155,0
DA:156,0
DA:159,0
DA:160,0
DA:165,0
DA:166,0
DA:168,0
DA:169,0
DA:177,0
DA:178,0
DA:181,0
DA:182,0
DA:189,0
DA:190,0
DA:192,0
DA:194,0
DA:195,0
DA:203,0
DA:204,0
DA:207,0
DA:208,0
DA:213,0
DA:215,0
DA:216,0
DA:230,1
DA:231,0
DA:232,0
DA:235,1
DA:236,1
DA:244,1
DA:246,0
DA:247,0
DA:260,0
DA:261,0
DA:262,0
DA:265,0
DA:266,0
DA:273,0
DA:275,0
DA:276,0
DA:284,0
DA:291,0
DA:297,0
DA:298,0
DA:309,1
DA:317,2
LF:96
LH:42
BRDA:17,0,0,2
BRDA:17,0,1,2
BRDA:23,1,0,2
BRDA:23,1,1,123
BRDA:41,2,0,1
BRDA:41,2,1,3
BRDA:61,3,0,0
BRDA:61,3,1,3
BRDA:61,4,0,1
BRDA:61,4,1,2
BRDA:61,5,0,3
BRDA:61,5,1,3
BRDA:64,6,0,0
BRDA:64,6,1,3
BRDA:64,7,0,1
BRDA:64,7,1,2
BRDA:64,8,0,3
BRDA:64,8,1,3
BRDA:67,9,0,1
BRDA:67,9,1,2
BRDA:67,10,0,1
BRDA:67,10,1,2
BRDA:67,11,0,3
BRDA:67,11,1,3
BRDA:70,12,0,1
BRDA:70,12,1,2
BRDA:70,13,0,1
BRDA:70,13,1,2
BRDA:70,14,0,3
BRDA:70,14,1,3
BRDA:73,15,0,1
BRDA:73,15,1,2
BRDA:73,16,0,1
BRDA:73,16,1,2
BRDA:73,17,0,3
BRDA:73,17,1,3
BRDA:76,18,0,0
BRDA:76,18,1,3
BRDA:76,19,0,1
BRDA:76,19,1,2
BRDA:76,20,0,3
BRDA:76,20,1,3
BRDA:79,21,0,0
BRDA:79,21,1,3
BRDA:79,22,0,1
BRDA:79,22,1,2
BRDA:79,23,0,3
BRDA:79,23,1,3
BRDA:80,24,0,0
BRDA:80,24,1,0
BRDA:86,25,0,0
BRDA:86,25,1,3
BRDA:87,26,0,3
BRDA:87,26,1,0
BRDA:98,27,0,0
BRDA:98,27,1,1
BRDA:118,28,0,0
BRDA:118,28,1,1
BRDA:130,29,0,0
BRDA:130,29,1,1
BRDA:141,30,0,0
BRDA:141,30,1,1
BRDA:142,31,0,0
BRDA:142,31,1,1
BRDA:147,32,0,0
BRDA:147,32,1,0
BRDA:155,33,0,0
BRDA:155,33,1,0
BRDA:165,34,0,0
BRDA:165,34,1,0
BRDA:166,35,0,0
BRDA:166,35,1,0
BRDA:177,36,0,0
BRDA:177,36,1,0
BRDA:189,37,0,0
BRDA:189,37,1,0
BRDA:190,38,0,0
BRDA:190,38,1,0
BRDA:203,39,0,0
BRDA:203,39,1,0
BRDA:213,40,0,0
BRDA:213,40,1,0
BRDA:230,41,0,0
BRDA:230,41,1,1
BRDA:244,42,0,0
BRDA:244,42,1,1
BRDA:260,43,0,0
BRDA:260,43,1,0
BRDA:273,44,0,0
BRDA:273,44,1,0
BRDA:297,45,0,0
BRF:91
BRH:53
end_of_record
TN:
SF:src\services\reviewService.ts
FN:11,(anonymous_7)
FN:17,(anonymous_8)
FN:51,(anonymous_10)
FN:52,(anonymous_11)
FN:57,(anonymous_12)
FN:94,(anonymous_13)
FN:96,(anonymous_15)
FN:117,(anonymous_16)
FN:119,(anonymous_18)
FN:140,(anonymous_19)
FN:142,(anonymous_21)
FNF:11
FNH:0
FNDA:0,(anonymous_7)
FNDA:0,(anonymous_8)
FNDA:0,(anonymous_10)
FNDA:0,(anonymous_11)
FNDA:0,(anonymous_12)
FNDA:0,(anonymous_13)
FNDA:0,(anonymous_15)
FNDA:0,(anonymous_16)
FNDA:0,(anonymous_18)
FNDA:0,(anonymous_19)
FNDA:0,(anonymous_21)
DA:5,0
DA:11,0
DA:12,0
DA:18,0
DA:19,0
DA:29,0
DA:30,0
DA:33,0
DA:34,0
DA:40,0
DA:41,0
DA:43,0
DA:44,0
DA:52,0
DA:56,0
DA:57,0
DA:58,0
DA:59,0
DA:65,0
DA:66,0
DA:67,0
DA:70,0
DA:78,0
DA:80,0
DA:86,0
DA:87,0
DA:95,0
DA:96,0
DA:99,0
DA:100,0
DA:106,0
DA:107,0
DA:109,0
DA:110,0
DA:118,0
DA:119,0
DA:122,0
DA:123,0
DA:129,0
DA:130,0
DA:132,0
DA:133,0
DA:141,0
DA:142,0
DA:145,0
DA:146,0
DA:152,0
DA:153,0
DA:155,0
DA:156,0
DA:161,0
LF:51
LH:0
BRDA:18,0,0,0
BRDA:18,0,1,0
BRDA:27,1,0,0
BRDA:27,1,1,0
BRDA:40,2,0,0
BRDA:40,2,1,0
BRDA:53,3,0,0
BRDA:54,4,0,0
BRDA:56,5,0,0
BRDA:56,5,1,0
BRDA:57,6,0,0
BRDA:57,6,1,0
BRDA:78,7,0,0
BRDA:78,7,1,0
BRDA:82,8,0,0
BRDA:82,8,1,0
BRDA:83,9,0,0
BRDA:83,9,1,0
BRDA:95,10,0,0
BRDA:95,10,1,0
BRDA:106,11,0,0
BRDA:106,11,1,0
BRDA:107,12,0,0
BRDA:107,12,1,0
BRDA:118,13,0,0
BRDA:118,13,1,0
BRDA:129,14,0,0
BRDA:129,14,1,0
BRDA:130,15,0,0
BRDA:130,15,1,0
BRDA:141,16,0,0
BRDA:141,16,1,0
BRDA:142,17,0,0
BRDA:142,17,1,0
BRDA:152,18,0,0
BRDA:152,18,1,0
BRDA:153,19,0,0
BRDA:153,19,1,0
BRF:38
BRH:0
end_of_record
TN:
SF:src\services\sellerService.ts
FN:41,(anonymous_7)
FN:47,(anonymous_8)
FN:57,(anonymous_9)
FN:81,(anonymous_11)
FN:109,(anonymous_13)
FN:135,(anonymous_15)
FN:158,(anonymous_17)
FN:184,(anonymous_19)
FN:209,(anonymous_21)
FN:230,(anonymous_23)
FN:246,(anonymous_25)
FNF:11
FNH:8
FNDA:4,(anonymous_7)
FNDA:120,(anonymous_8)
FNDA:2,(anonymous_9)
FNDA:0,(anonymous_11)
FNDA:1,(anonymous_13)
FNDA:0,(anonymous_15)
FNDA:1,(anonymous_17)
FNDA:1,(anonymous_19)
FNDA:0,(anonymous_21)
FNDA:1,(anonymous_23)
FNDA:2,(anonymous_25)
DA:7,2
DA:38,2
DA:42,4
DA:43,2
DA:48,120
DA:49,2
DA:51,120
DA:58,2
DA:59,1
DA:60,1
DA:63,1
DA:64,1
DA:70,1
DA:71,1
DA:73,0
DA:74,0
DA:82,0
DA:83,0
DA:86,0
DA:87,0
DA:96,0
DA:97,0
DA:99,0
DA:101,0
DA:102,0
DA:110,1
DA:111,0
DA:114,1
DA:115,1
DA:122,1
DA:123,1
DA:125,1
DA:127,0
DA:128,0
DA:136,0
DA:137,0
DA:138,0
DA:141,0
DA:142,0
DA:147,0
DA:148,0
DA:150,0
DA:151,0
DA:159,1
DA:160,0
DA:163,1
DA:164,1
DA:174,1
DA:176,0
DA:177,0
DA:185,1
DA:186,0
DA:189,1
DA:190,1
DA:199,1
DA:201,0
DA:202,0
DA:210,0
DA:211,0
DA:214,0
DA:215,0
DA:219,0
DA:220,0
DA:222,0
DA:223,0
DA:231,1
DA:232,0
DA:235,1
DA:237,1
DA:243,1
DA:245,1
DA:246,2
DA:248,1
DA:256,1
DA:259,0
DA:260,0
DA:265,2
LF:77
LH:37
BRDA:42,0,0,2
BRDA:42,0,1,2
BRDA:48,1,0,2
BRDA:48,1,1,118
BRDA:58,2,0,1
BRDA:58,2,1,1
BRDA:70,3,0,0
BRDA:70,3,1,1
BRDA:82,4,0,0
BRDA:82,4,1,0
BRDA:96,5,0,0
BRDA:96,5,1,0
BRDA:97,6,0,0
BRDA:97,6,1,0
BRDA:110,7,0,0
BRDA:110,7,1,1
BRDA:122,8,0,0
BRDA:122,8,1,1
BRDA:123,9,0,0
BRDA:123,9,1,1
BRDA:136,10,0,0
BRDA:136,10,1,0
BRDA:147,11,0,0
BRDA:147,11,1,0
BRDA:148,12,0,0
BRDA:148,12,1,0
BRDA:159,13,0,0
BRDA:159,13,1,1
BRDA:174,14,0,0
BRDA:174,14,1,1
BRDA:185,15,0,0
BRDA:185,15,1,1
BRDA:199,16,0,0
BRDA:199,16,1,1
BRDA:210,17,0,0
BRDA:210,17,1,0
BRDA:219,18,0,0
BRDA:219,18,1,0
BRDA:231,19,0,0
BRDA:231,19,1,1
BRDA:243,20,0,0
BRDA:243,20,1,1
BRDA:245,21,0,1
BRDA:245,21,1,0
BRDA:245,22,0,1
BRDA:245,22,1,1
BRDA:256,23,0,0
BRDA:256,23,1,1
BRF:48
BRH:20
end_of_record
