src/components/ui/scroll-animated-video.tsx(168,26): error TS2339: Property 'default' does not exist on type '{}'.
src/components/ui/scroll-animated-video.tsx(177,23): error TS2339: Property 'default' does not exist on type '{}'.
src/components/ui/sidebar.tsx(78,27): error TS2352: Conversion of type 'Omit<HTMLMotionProps<"div">, "ref"> & RefAttributes<HTMLDivElement>' to type 'DetailedHTMLProps<HTMLAttributes<HTMLDivElement>, HTMLDivElement>' may be a mistake because neither type sufficiently overlaps with the other. If this was intentional, convert the expression to 'unknown' first.
  Type 'Omit<HTMLMotionProps<"div">, "ref"> & RefAttributes<HTMLDivElement>' is not comparable to type 'HTMLAttributes<HTMLDivElement>'.
    Types of property 'onDrag' are incompatible.
      Type '(event: MouseEvent | TouchEvent | PointerEvent, info: PanInfo) => void' is not comparable to type 'DragEventHandler<HTMLDivElement>'.
        Target signature provides too few arguments. Expected 2 or more, but got 1.
src/data/collections.ts(67,3): error TS2740: Type '{ id: string; name: string; icon: string; count: number; }' is missing the following properties from type 'Category': slug, description, parent_id, image_url, and 4 more.
src/data/collections.ts(68,3): error TS2740: Type '{ id: string; name: string; icon: string; count: number; }' is missing the following properties from type 'Category': slug, description, parent_id, image_url, and 4 more.
src/data/collections.ts(69,3): error TS2740: Type '{ id: string; name: string; icon: string; count: number; }' is missing the following properties from type 'Category': slug, description, parent_id, image_url, and 4 more.
src/data/collections.ts(70,3): error TS2740: Type '{ id: string; name: string; icon: string; count: number; }' is missing the following properties from type 'Category': slug, description, parent_id, image_url, and 4 more.
src/data/collections.ts(71,3): error TS2740: Type '{ id: string; name: string; icon: string; count: number; }' is missing the following properties from type 'Category': slug, description, parent_id, image_url, and 4 more.
src/data/collections.ts(72,3): error TS2740: Type '{ id: string; name: string; icon: string; count: number; }' is missing the following properties from type 'Category': slug, description, parent_id, image_url, and 4 more.
src/data/collections.ts(73,3): error TS2740: Type '{ id: string; name: string; icon: string; count: number; }' is missing the following properties from type 'Category': slug, description, parent_id, image_url, and 4 more.
src/data/collections.ts(74,3): error TS2740: Type '{ id: string; name: string; icon: string; count: number; }' is missing the following properties from type 'Category': slug, description, parent_id, image_url, and 4 more.
src/data/collections.ts(75,3): error TS2740: Type '{ id: string; name: string; icon: string; count: number; }' is missing the following properties from type 'Category': slug, description, parent_id, image_url, and 4 more.
src/data/collections.ts(76,3): error TS2740: Type '{ id: string; name: string; icon: string; count: number; }' is missing the following properties from type 'Category': slug, description, parent_id, image_url, and 4 more.
src/data/products.ts(4,3): error TS2740: Type '{ id: string; name: string; price: number; originalPrice: number; image: string; rating: number; sold: number; seller: string; sellerRating: number; sellerVerified: true; isFreeShipping: true; isVerified: true; location: string; category: string; }' is missing the following properties from type 'Product': seller_id, description, category_id, brand, and 24 more.
src/data/products.ts(20,3): error TS2740: Type '{ id: string; name: string; price: number; image: string; rating: number; sold: number; seller: string; sellerRating: number; sellerVerified: true; isFreeShipping: true; isVerified: true; location: string; category: string; }' is missing the following properties from type 'Product': seller_id, description, category_id, brand, and 24 more.
src/data/products.ts(35,3): error TS2740: Type '{ id: string; name: string; price: number; originalPrice: number; image: string; rating: number; sold: number; seller: string; sellerRating: number; sellerVerified: true; isFreeShipping: false; isVerified: true; location: string; category: string; }' is missing the following properties from type 'Product': seller_id, description, category_id, brand, and 24 more.
src/data/products.ts(51,3): error TS2740: Type '{ id: string; name: string; price: number; image: string; rating: number; sold: number; seller: string; sellerRating: number; sellerVerified: true; isFreeShipping: true; isVerified: true; location: string; category: string; }' is missing the following properties from type 'Product': seller_id, description, category_id, brand, and 24 more.
src/data/products.ts(66,3): error TS2740: Type '{ id: string; name: string; price: number; image: string; rating: number; sold: number; seller: string; sellerRating: number; sellerVerified: true; isFreeShipping: false; isVerified: true; location: string; category: string; }' is missing the following properties from type 'Product': seller_id, description, category_id, brand, and 24 more.
src/data/products.ts(81,3): error TS2740: Type '{ id: string; name: string; price: number; originalPrice: number; image: string; rating: number; sold: number; seller: string; sellerRating: number; sellerVerified: true; isFreeShipping: true; isVerified: true; location: string; category: string; }' is missing the following properties from type 'Product': seller_id, description, category_id, brand, and 24 more.
src/data/products.ts(100,3): error TS2740: Type '{ id: string; name: string; price: number; image: string; rating: number; sold: number; seller: string; sellerRating: number; sellerVerified: true; isFreeShipping: true; isVerified: true; location: string; category: string; }' is missing the following properties from type 'Product': seller_id, description, category_id, brand, and 24 more.
src/data/products.ts(115,3): error TS2740: Type '{ id: string; name: string; price: number; image: string; rating: number; sold: number; seller: string; sellerRating: number; sellerVerified: true; isFreeShipping: true; isVerified: true; location: string; category: string; }' is missing the following properties from type 'Product': seller_id, description, category_id, brand, and 24 more.
src/data/products.ts(130,3): error TS2740: Type '{ id: string; name: string; price: number; image: string; rating: number; sold: number; seller: string; sellerRating: number; sellerVerified: true; isFreeShipping: false; isVerified: true; location: string; category: string; }' is missing the following properties from type 'Product': seller_id, description, category_id, brand, and 24 more.
src/data/products.ts(145,3): error TS2740: Type '{ id: string; name: string; price: number; image: string; rating: number; sold: number; seller: string; sellerRating: number; sellerVerified: true; isFreeShipping: true; isVerified: true; location: string; category: string; }' is missing the following properties from type 'Product': seller_id, description, category_id, brand, and 24 more.
src/data/products.ts(163,3): error TS2740: Type '{ id: string; name: string; price: number; image: string; rating: number; sold: number; seller: string; sellerRating: number; sellerVerified: true; isFreeShipping: false; isVerified: true; location: string; category: string; }' is missing the following properties from type 'Product': seller_id, description, category_id, brand, and 24 more.
src/data/products.ts(178,3): error TS2740: Type '{ id: string; name: string; price: number; image: string; rating: number; sold: number; seller: string; sellerRating: number; sellerVerified: true; isFreeShipping: true; isVerified: true; location: string; category: string; }' is missing the following properties from type 'Product': seller_id, description, category_id, brand, and 24 more.
src/data/products.ts(193,3): error TS2740: Type '{ id: string; name: string; price: number; originalPrice: number; image: string; rating: number; sold: number; seller: string; sellerRating: number; sellerVerified: true; isFreeShipping: true; isVerified: true; location: string; category: string; }' is missing the following properties from type 'Product': seller_id, description, category_id, brand, and 24 more.
src/data/products.ts(209,3): error TS2740: Type '{ id: string; name: string; price: number; originalPrice: number; image: string; rating: number; sold: number; seller: string; sellerRating: number; sellerVerified: true; isFreeShipping: true; isVerified: true; location: string; category: string; }' is missing the following properties from type 'Product': seller_id, description, category_id, brand, and 24 more.
src/data/products.ts(225,3): error TS2740: Type '{ id: string; name: string; price: number; originalPrice: number; image: string; rating: number; sold: number; seller: string; sellerRating: number; sellerVerified: true; isFreeShipping: false; isVerified: true; location: string; category: string; }' is missing the following properties from type 'Product': seller_id, description, category_id, brand, and 24 more.
src/data/products.ts(241,3): error TS2740: Type '{ id: string; name: string; price: number; image: string; rating: number; sold: number; seller: string; sellerRating: number; sellerVerified: true; isFreeShipping: true; isVerified: true; location: string; category: string; }' is missing the following properties from type 'Product': seller_id, description, category_id, brand, and 24 more.
src/data/products.ts(256,3): error TS2740: Type '{ id: string; name: string; price: number; image: string; rating: number; sold: number; seller: string; sellerRating: number; sellerVerified: true; isFreeShipping: true; isVerified: true; location: string; category: string; }' is missing the following properties from type 'Product': seller_id, description, category_id, brand, and 24 more.
src/data/products.ts(271,3): error TS2740: Type '{ id: string; name: string; price: number; originalPrice: number; image: string; rating: number; sold: number; seller: string; sellerRating: number; sellerVerified: true; isFreeShipping: true; isVerified: true; location: string; category: string; }' is missing the following properties from type 'Product': seller_id, description, category_id, brand, and 24 more.
src/data/products.ts(287,3): error TS2740: Type '{ id: string; name: string; price: number; image: string; rating: number; sold: number; seller: string; sellerRating: number; sellerVerified: true; isFreeShipping: true; isVerified: true; location: string; category: string; }' is missing the following properties from type 'Product': seller_id, description, category_id, brand, and 24 more.
src/data/products.ts(302,3): error TS2740: Type '{ id: string; name: string; price: number; originalPrice: number; image: string; rating: number; sold: number; seller: string; sellerRating: number; sellerVerified: true; isFreeShipping: true; isVerified: true; location: string; category: string; }' is missing the following properties from type 'Product': seller_id, description, category_id, brand, and 24 more.
src/data/products.ts(318,3): error TS2740: Type '{ id: string; name: string; price: number; originalPrice: number; image: string; rating: number; sold: number; seller: string; sellerRating: number; sellerVerified: true; isFreeShipping: true; isVerified: true; location: string; category: string; }' is missing the following properties from type 'Product': seller_id, description, category_id, brand, and 24 more.
src/data/products.ts(334,3): error TS2740: Type '{ id: string; name: string; price: number; image: string; rating: number; sold: number; seller: string; sellerRating: number; sellerVerified: true; isFreeShipping: true; isVerified: true; location: string; category: string; }' is missing the following properties from type 'Product': seller_id, description, category_id, brand, and 24 more.
src/data/products.ts(349,3): error TS2740: Type '{ id: string; name: string; price: number; originalPrice: number; image: string; rating: number; sold: number; seller: string; sellerRating: number; sellerVerified: true; isFreeShipping: true; isVerified: true; location: string; category: string; }' is missing the following properties from type 'Product': seller_id, description, category_id, brand, and 24 more.
src/data/products.ts(365,3): error TS2740: Type '{ id: string; name: string; price: number; image: string; rating: number; sold: number; seller: string; sellerRating: number; sellerVerified: true; isFreeShipping: true; isVerified: true; location: string; category: string; }' is missing the following properties from type 'Product': seller_id, description, category_id, brand, and 24 more.
src/data/products.ts(380,3): error TS2740: Type '{ id: string; name: string; price: number; image: string; rating: number; sold: number; seller: string; sellerRating: number; sellerVerified: true; isFreeShipping: false; isVerified: true; location: string; category: string; }' is missing the following properties from type 'Product': seller_id, description, category_id, brand, and 24 more.
src/data/products.ts(395,3): error TS2740: Type '{ id: string; name: string; price: number; originalPrice: number; image: string; rating: number; sold: number; seller: string; sellerRating: number; sellerVerified: true; isFreeShipping: false; isVerified: true; location: string; category: string; }' is missing the following properties from type 'Product': seller_id, description, category_id, brand, and 24 more.
src/data/products.ts(415,3): error TS2740: Type '{ id: string; name: string; price: number; originalPrice: number; rating: number; sold: number; image: string; category: string; seller: string; description: string; stock: number; sellerRating: number; sellerVerified: true; isFreeShipping: true; isVerified: true; location: string; }' is missing the following properties from type 'Product': seller_id, category_id, brand, sku, and 22 more.
src/data/products.ts(433,3): error TS2740: Type '{ id: string; name: string; price: number; originalPrice: number; rating: number; sold: number; image: string; category: string; seller: string; description: string; stock: number; sellerRating: number; sellerVerified: true; isFreeShipping: false; isVerified: true; location: string; }' is missing the following properties from type 'Product': seller_id, category_id, brand, sku, and 22 more.
src/data/products.ts(451,3): error TS2740: Type '{ id: string; name: string; price: number; originalPrice: number; rating: number; sold: number; image: string; category: string; seller: string; description: string; stock: number; sellerRating: number; sellerVerified: true; isFreeShipping: true; isVerified: true; location: string; }' is missing the following properties from type 'Product': seller_id, category_id, brand, sku, and 22 more.
src/data/products.ts(469,3): error TS2740: Type '{ id: string; name: string; price: number; originalPrice: number; rating: number; sold: number; image: string; category: string; seller: string; description: string; stock: number; sellerRating: number; sellerVerified: true; isFreeShipping: true; isVerified: true; location: string; }' is missing the following properties from type 'Product': seller_id, category_id, brand, sku, and 22 more.
src/pages/SellerOnboarding.tsx(272,9): error TS2322: Type '{ id: string; type: string; fileName: string; url: string; uploadDate: Date; isVerified: boolean; }[]' is not assignable to type 'SellerDocument[]'.
  Type '{ id: string; type: string; fileName: string; url: string; uploadDate: Date; isVerified: boolean; }' is not assignable to type 'SellerDocument'.
    Types of property 'type' are incompatible.
      Type 'string' is not assignable to type '"other" | "business_permit" | "valid_id" | "proof_of_address" | "dti_registration" | "tax_id"'.
src/services/productService.ts(113,7): error TS2578: Unused '@ts-expect-error' directive.
src/services/productService.ts(151,7): error TS2578: Unused '@ts-expect-error' directive.
src/services/productService.ts(181,7): error TS2578: Unused '@ts-expect-error' directive.
src/services/productService.ts(214,5): error TS2578: Unused '@ts-expect-error' directive.
src/services/productService.ts(250,5): error TS2578: Unused '@ts-expect-error' directive.
src/stores/sellerStore.ts(628,11): error TS2578: Unused '@ts-expect-error' directive.
